<?xml version="1.0" encoding="UTF-8"?>
<!-- Generated by org.testng.reporters.JUnitReportReporter -->
<testsuite skipped="0" hostname="LAPTOP-1C6SQCR5" name="com.qa.tests.APIGetTest" tests="1" failures="0" timestamp="28 Jan 2021 14:25:30 GMT" time="6.248" errors="0">
  <testcase name="getTest" time="6.248" classname="com.qa.tests.APIGetTest"/>
</testsuite> <!-- com.qa.tests.APIGetTest -->
